25-Mar-2019 18:19:30.771 信息 [main] org.apache.catalina.startup.VersionLoggerListener.log Server version:        Apache Tomcat/9.0.7
25-Mar-2019 18:19:30.775 信息 [main] org.apache.catalina.startup.VersionLoggerListener.log Server built:          Apr 3 2018 19:53:05 UTC
25-Mar-2019 18:19:30.775 信息 [main] org.apache.catalina.startup.VersionLoggerListener.log Server number:         9.0.7.0
25-Mar-2019 18:19:30.775 信息 [main] org.apache.catalina.startup.VersionLoggerListener.log OS Name:               Mac OS X
25-Mar-2019 18:19:30.775 信息 [main] org.apache.catalina.startup.VersionLoggerListener.log OS Version:            10.14.1
25-Mar-2019 18:19:30.775 信息 [main] org.apache.catalina.startup.VersionLoggerListener.log Architecture:          x86_64
25-Mar-2019 18:19:30.775 信息 [main] org.apache.catalina.startup.VersionLoggerListener.log Java Home:             /Library/Java/JavaVirtualMachines/jdk1.8.0_201.jdk/Contents/Home/jre
25-Mar-2019 18:19:30.775 信息 [main] org.apache.catalina.startup.VersionLoggerListener.log JVM Version:           1.8.0_201-b09
25-Mar-2019 18:19:30.775 信息 [main] org.apache.catalina.startup.VersionLoggerListener.log JVM Vendor:            Oracle Corporation
25-Mar-2019 18:19:30.775 信息 [main] org.apache.catalina.startup.VersionLoggerListener.log CATALINA_BASE:         /Users/luoshaohua/Documents/apache-tomcat-9.0.7
25-Mar-2019 18:19:30.775 信息 [main] org.apache.catalina.startup.VersionLoggerListener.log CATALINA_HOME:         /Users/luoshaohua/Documents/apache-tomcat-9.0.7
25-Mar-2019 18:19:30.776 信息 [main] org.apache.catalina.startup.VersionLoggerListener.log Command line argument: -Djava.util.logging.config.file=/Users/luoshaohua/Documents/apache-tomcat-9.0.7/conf/logging.properties
25-Mar-2019 18:19:30.776 信息 [main] org.apache.catalina.startup.VersionLoggerListener.log Command line argument: -Djava.util.logging.manager=org.apache.juli.ClassLoaderLogManager
25-Mar-2019 18:19:30.777 信息 [main] org.apache.catalina.startup.VersionLoggerListener.log Command line argument: -Djdk.tls.ephemeralDHKeySize=2048
25-Mar-2019 18:19:30.777 信息 [main] org.apache.catalina.startup.VersionLoggerListener.log Command line argument: -Djava.protocol.handler.pkgs=org.apache.catalina.webresources
25-Mar-2019 18:19:30.777 信息 [main] org.apache.catalina.startup.VersionLoggerListener.log Command line argument: -Dorg.apache.catalina.security.SecurityListener.UMASK=0027
25-Mar-2019 18:19:30.777 信息 [main] org.apache.catalina.startup.VersionLoggerListener.log Command line argument: -Dignore.endorsed.dirs=
25-Mar-2019 18:19:30.777 信息 [main] org.apache.catalina.startup.VersionLoggerListener.log Command line argument: -Dcatalina.base=/Users/luoshaohua/Documents/apache-tomcat-9.0.7
25-Mar-2019 18:19:30.777 信息 [main] org.apache.catalina.startup.VersionLoggerListener.log Command line argument: -Dcatalina.home=/Users/luoshaohua/Documents/apache-tomcat-9.0.7
25-Mar-2019 18:19:30.777 信息 [main] org.apache.catalina.startup.VersionLoggerListener.log Command line argument: -Djava.io.tmpdir=/Users/luoshaohua/Documents/apache-tomcat-9.0.7/temp
25-Mar-2019 18:19:30.777 信息 [main] org.apache.catalina.core.AprLifecycleListener.lifecycleEvent The APR based Apache Tomcat Native library which allows optimal performance in production environments was not found on the java.library.path: [/Users/luoshaohua/Library/Java/Extensions:/Library/Java/Extensions:/Network/Library/Java/Extensions:/System/Library/Java/Extensions:/usr/lib/java:.]
25-Mar-2019 18:19:30.873 信息 [main] org.apache.coyote.AbstractProtocol.init Initializing ProtocolHandler ["http-nio-8080"]
25-Mar-2019 18:19:30.886 严重 [main] org.apache.catalina.util.LifecycleBase.handleSubClassException Failed to initialize component [Connector[HTTP/1.1-8080]]
 org.apache.catalina.LifecycleException: Protocol handler initialization failed
	at org.apache.catalina.connector.Connector.initInternal(Connector.java:935)
	at org.apache.catalina.util.LifecycleBase.init(LifecycleBase.java:136)
	at org.apache.catalina.core.StandardService.initInternal(StandardService.java:530)
	at org.apache.catalina.util.LifecycleBase.init(LifecycleBase.java:136)
	at org.apache.catalina.core.StandardServer.initInternal(StandardServer.java:852)
	at org.apache.catalina.util.LifecycleBase.init(LifecycleBase.java:136)
	at org.apache.catalina.startup.Catalina.load(Catalina.java:633)
	at org.apache.catalina.startup.Catalina.load(Catalina.java:656)
	at sun.reflect.NativeMethodAccessorImpl.invoke0(Native Method)
	at sun.reflect.NativeMethodAccessorImpl.invoke(NativeMethodAccessorImpl.java:62)
	at sun.reflect.DelegatingMethodAccessorImpl.invoke(DelegatingMethodAccessorImpl.java:43)
	at java.lang.reflect.Method.invoke(Method.java:498)
	at org.apache.catalina.startup.Bootstrap.load(Bootstrap.java:306)
	at org.apache.catalina.startup.Bootstrap.main(Bootstrap.java:491)
Caused by: java.net.BindException: Address already in use
	at sun.nio.ch.Net.bind0(Native Method)
	at sun.nio.ch.Net.bind(Net.java:433)
	at sun.nio.ch.Net.bind(Net.java:425)
	at sun.nio.ch.ServerSocketChannelImpl.bind(ServerSocketChannelImpl.java:223)
	at sun.nio.ch.ServerSocketAdaptor.bind(ServerSocketAdaptor.java:74)
	at org.apache.tomcat.util.net.NioEndpoint.initServerSocket(NioEndpoint.java:227)
	at org.apache.tomcat.util.net.NioEndpoint.bind(NioEndpoint.java:202)
	at org.apache.tomcat.util.net.AbstractEndpoint.init(AbstractEndpoint.java:1043)
	at org.apache.coyote.AbstractProtocol.init(AbstractProtocol.java:540)
	at org.apache.coyote.http11.AbstractHttp11Protocol.init(AbstractHttp11Protocol.java:74)
	at org.apache.catalina.connector.Connector.initInternal(Connector.java:932)
	... 13 more

25-Mar-2019 18:19:30.889 信息 [main] org.apache.coyote.AbstractProtocol.init Initializing ProtocolHandler ["ajp-nio-8009"]
25-Mar-2019 18:19:30.890 严重 [main] org.apache.catalina.util.LifecycleBase.handleSubClassException Failed to initialize component [Connector[AJP/1.3-8009]]
 org.apache.catalina.LifecycleException: Protocol handler initialization failed
	at org.apache.catalina.connector.Connector.initInternal(Connector.java:935)
	at org.apache.catalina.util.LifecycleBase.init(LifecycleBase.java:136)
	at org.apache.catalina.core.StandardService.initInternal(StandardService.java:530)
	at org.apache.catalina.util.LifecycleBase.init(LifecycleBase.java:136)
	at org.apache.catalina.core.StandardServer.initInternal(StandardServer.java:852)
	at org.apache.catalina.util.LifecycleBase.init(LifecycleBase.java:136)
	at org.apache.catalina.startup.Catalina.load(Catalina.java:633)
	at org.apache.catalina.startup.Catalina.load(Catalina.java:656)
	at sun.reflect.NativeMethodAccessorImpl.invoke0(Native Method)
	at sun.reflect.NativeMethodAccessorImpl.invoke(NativeMethodAccessorImpl.java:62)
	at sun.reflect.DelegatingMethodAccessorImpl.invoke(DelegatingMethodAccessorImpl.java:43)
	at java.lang.reflect.Method.invoke(Method.java:498)
	at org.apache.catalina.startup.Bootstrap.load(Bootstrap.java:306)
	at org.apache.catalina.startup.Bootstrap.main(Bootstrap.java:491)
Caused by: java.net.BindException: Address already in use
	at sun.nio.ch.Net.bind0(Native Method)
	at sun.nio.ch.Net.bind(Net.java:433)
	at sun.nio.ch.Net.bind(Net.java:425)
	at sun.nio.ch.ServerSocketChannelImpl.bind(ServerSocketChannelImpl.java:223)
	at sun.nio.ch.ServerSocketAdaptor.bind(ServerSocketAdaptor.java:74)
	at org.apache.tomcat.util.net.NioEndpoint.initServerSocket(NioEndpoint.java:227)
	at org.apache.tomcat.util.net.NioEndpoint.bind(NioEndpoint.java:202)
	at org.apache.tomcat.util.net.AbstractEndpoint.init(AbstractEndpoint.java:1043)
	at org.apache.coyote.AbstractProtocol.init(AbstractProtocol.java:540)
	at org.apache.catalina.connector.Connector.initInternal(Connector.java:932)
	... 13 more

25-Mar-2019 18:19:30.890 信息 [main] org.apache.catalina.startup.Catalina.load Initialization processed in 406 ms
25-Mar-2019 18:19:30.916 信息 [main] org.apache.catalina.core.StandardService.startInternal Starting service [Catalina]
25-Mar-2019 18:19:30.916 信息 [main] org.apache.catalina.core.StandardEngine.startInternal Starting Servlet Engine: Apache Tomcat/9.0.7
25-Mar-2019 18:19:30.923 信息 [main] org.apache.catalina.startup.HostConfig.deployDirectory Deploying web application directory [/Users/luoshaohua/Documents/apache-tomcat-9.0.7/webapps/demo_war]
25-Mar-2019 18:19:32.469 信息 [main] org.apache.jasper.servlet.TldScanner.scanJars At least one JAR was scanned for TLDs yet contained no TLDs. Enable debug logging for this logger for a complete list of JARs that were scanned but no TLDs were found in them. Skipping unneeded JARs during scanning can improve startup time and JSP compilation time.
25-Mar-2019 18:19:33.251 INFO [main] org.hibernate.jpa.internal.util.LogHelper.logPersistenceUnitInformation HHH000204: Processing PersistenceUnitInfo [
	name: default
	...]
25-Mar-2019 18:19:33.391 INFO [main] org.hibernate.Version.logVersion HHH000412: Hibernate Core {5.3.0.CR2}
25-Mar-2019 18:19:33.392 INFO [main] org.hibernate.cfg.Environment.<clinit> HHH000206: hibernate.properties not found
25-Mar-2019 18:19:33.509 INFO [main] org.hibernate.annotations.common.reflection.java.JavaReflectionManager.<clinit> HCANN000001: Hibernate Commons Annotations {5.0.3.Final}
25-Mar-2019 18:19:33.825 INFO [main] org.hibernate.dialect.Dialect.<init> HHH000400: Using dialect: org.hibernate.dialect.PostgreSQL82Dialect
25-Mar-2019 18:19:33.991 INFO [main] org.hibernate.engine.jdbc.env.internal.LobCreatorBuilderImpl.useContextualLobCreation HHH000424: Disabling contextual LOB creation as createClob() method threw error : java.lang.reflect.InvocationTargetException
25-Mar-2019 18:19:34.000 INFO [main] org.hibernate.type.BasicTypeRegistry.register HHH000270: Type registration [java.util.UUID] overrides previous : org.hibernate.type.UUIDBinaryType@345d641e
25-Mar-2019 18:19:34.319 WARN [main] org.hibernate.type.spi.TypeConfiguration$Scope.setSessionFactory HHH000233: Scoping types to session factory org.hibernate.internal.SessionFactoryImpl@1cdb280b after already scoped org.hibernate.internal.SessionFactoryImpl@1cdb280b
25-Mar-2019 18:19:35.651 信息 [main] org.apache.catalina.startup.HostConfig.deployDirectory Deployment of web application directory [/Users/luoshaohua/Documents/apache-tomcat-9.0.7/webapps/demo_war] has finished in [4,729] ms
25-Mar-2019 18:19:35.651 信息 [main] org.apache.catalina.startup.HostConfig.deployDirectory Deploying web application directory [/Users/luoshaohua/Documents/apache-tomcat-9.0.7/webapps/shop_war]
25-Mar-2019 18:19:36.733 信息 [main] org.apache.jasper.servlet.TldScanner.scanJars At least one JAR was scanned for TLDs yet contained no TLDs. Enable debug logging for this logger for a complete list of JARs that were scanned but no TLDs were found in them. Skipping unneeded JARs during scanning can improve startup time and JSP compilation time.
25-Mar-2019 18:19:37.362 INFO [main] org.hibernate.jpa.internal.util.LogHelper.logPersistenceUnitInformation HHH000204: Processing PersistenceUnitInfo [
	name: default
	...]
25-Mar-2019 18:19:37.515 INFO [main] org.hibernate.Version.logVersion HHH000412: Hibernate Core {5.3.0.CR2}
25-Mar-2019 18:19:37.519 INFO [main] org.hibernate.cfg.Environment.<clinit> HHH000206: hibernate.properties not found
25-Mar-2019 18:19:37.682 INFO [main] org.hibernate.annotations.common.reflection.java.JavaReflectionManager.<clinit> HCANN000001: Hibernate Commons Annotations {5.0.3.Final}
25-Mar-2019 18:19:37.911 严重 [main] org.postgresql.Driver.connect Connection error: 
 org.postgresql.util.PSQLException: FATAL: database "å¤é¨å¬é£" does not exist
	at org.postgresql.core.v3.QueryExecutorImpl.receiveErrorResponse(QueryExecutorImpl.java:2477)
	at org.postgresql.core.v3.QueryExecutorImpl.readStartupMessages(QueryExecutorImpl.java:2603)
	at org.postgresql.core.v3.QueryExecutorImpl.<init>(QueryExecutorImpl.java:125)
	at org.postgresql.core.v3.ConnectionFactoryImpl.openConnectionImpl(ConnectionFactoryImpl.java:227)
	at org.postgresql.core.ConnectionFactory.openConnection(ConnectionFactory.java:49)
	at org.postgresql.jdbc.PgConnection.<init>(PgConnection.java:194)
	at org.postgresql.Driver.makeConnection(Driver.java:450)
	at org.postgresql.Driver.connect(Driver.java:252)
	at java.sql.DriverManager.getConnection(DriverManager.java:664)
	at java.sql.DriverManager.getConnection(DriverManager.java:208)
	at org.springframework.jdbc.datasource.DriverManagerDataSource.getConnectionFromDriverManager(DriverManagerDataSource.java:153)
	at org.springframework.jdbc.datasource.DriverManagerDataSource.getConnectionFromDriver(DriverManagerDataSource.java:144)
	at org.springframework.jdbc.datasource.AbstractDriverBasedDataSource.getConnectionFromDriver(AbstractDriverBasedDataSource.java:196)
	at org.springframework.jdbc.datasource.AbstractDriverBasedDataSource.getConnection(AbstractDriverBasedDataSource.java:159)
	at org.hibernate.engine.jdbc.connections.internal.DatasourceConnectionProviderImpl.getConnection(DatasourceConnectionProviderImpl.java:122)
	at org.hibernate.engine.jdbc.env.internal.JdbcEnvironmentInitiator$ConnectionProviderJdbcConnectionAccess.obtainConnection(JdbcEnvironmentInitiator.java:180)
	at org.hibernate.engine.jdbc.env.internal.JdbcEnvironmentInitiator.initiateService(JdbcEnvironmentInitiator.java:68)
	at org.hibernate.engine.jdbc.env.internal.JdbcEnvironmentInitiator.initiateService(JdbcEnvironmentInitiator.java:35)
	at org.hibernate.boot.registry.internal.StandardServiceRegistryImpl.initiateService(StandardServiceRegistryImpl.java:88)
	at org.hibernate.service.internal.AbstractServiceRegistryImpl.createService(AbstractServiceRegistryImpl.java:258)
	at org.hibernate.service.internal.AbstractServiceRegistryImpl.initializeService(AbstractServiceRegistryImpl.java:232)
	at org.hibernate.service.internal.AbstractServiceRegistryImpl.getService(AbstractServiceRegistryImpl.java:209)
	at org.hibernate.id.factory.internal.DefaultIdentifierGeneratorFactory.injectServices(DefaultIdentifierGeneratorFactory.java:152)
	at org.hibernate.service.internal.AbstractServiceRegistryImpl.injectDependencies(AbstractServiceRegistryImpl.java:281)
	at org.hibernate.service.internal.AbstractServiceRegistryImpl.initializeService(AbstractServiceRegistryImpl.java:238)
	at org.hibernate.service.internal.AbstractServiceRegistryImpl.getService(AbstractServiceRegistryImpl.java:209)
	at org.hibernate.boot.internal.InFlightMetadataCollectorImpl.<init>(InFlightMetadataCollectorImpl.java:179)
	at org.hibernate.boot.model.process.spi.MetadataBuildingProcess.complete(MetadataBuildingProcess.java:119)
	at org.hibernate.jpa.boot.internal.EntityManagerFactoryBuilderImpl.metadata(EntityManagerFactoryBuilderImpl.java:851)
	at org.hibernate.jpa.boot.internal.EntityManagerFactoryBuilderImpl.build(EntityManagerFactoryBuilderImpl.java:882)
	at org.hibernate.jpa.HibernatePersistenceProvider.createContainerEntityManagerFactory(HibernatePersistenceProvider.java:149)
	at org.springframework.orm.jpa.LocalContainerEntityManagerFactoryBean.createNativeEntityManagerFactory(LocalContainerEntityManagerFactoryBean.java:353)
	at org.springframework.orm.jpa.AbstractEntityManagerFactoryBean.buildNativeEntityManagerFactory(AbstractEntityManagerFactoryBean.java:370)
	at org.springframework.orm.jpa.AbstractEntityManagerFactoryBean.afterPropertiesSet(AbstractEntityManagerFactoryBean.java:359)
	at org.springframework.beans.factory.support.AbstractAutowireCapableBeanFactory.invokeInitMethods(AbstractAutowireCapableBeanFactory.java:1688)
	at org.springframework.beans.factory.support.AbstractAutowireCapableBeanFactory.initializeBean(AbstractAutowireCapableBeanFactory.java:1626)
	at org.springframework.beans.factory.support.AbstractAutowireCapableBeanFactory.doCreateBean(AbstractAutowireCapableBeanFactory.java:555)
	at org.springframework.beans.factory.support.AbstractAutowireCapableBeanFactory.createBean(AbstractAutowireCapableBeanFactory.java:483)
	at org.springframework.beans.factory.support.AbstractBeanFactory$1.getObject(AbstractBeanFactory.java:312)
	at org.springframework.beans.factory.support.DefaultSingletonBeanRegistry.getSingleton(DefaultSingletonBeanRegistry.java:230)
	at org.springframework.beans.factory.support.AbstractBeanFactory.doGetBean(AbstractBeanFactory.java:308)
	at org.springframework.beans.factory.support.AbstractBeanFactory.getBean(AbstractBeanFactory.java:197)
	at org.springframework.context.support.AbstractApplicationContext.getBean(AbstractApplicationContext.java:1080)
	at org.springframework.context.support.AbstractApplicationContext.finishBeanFactoryInitialization(AbstractApplicationContext.java:857)
	at org.springframework.context.support.AbstractApplicationContext.refresh(AbstractApplicationContext.java:543)
	at org.springframework.web.context.ContextLoader.configureAndRefreshWebApplicationContext(ContextLoader.java:443)
	at org.springframework.web.context.ContextLoader.initWebApplicationContext(ContextLoader.java:325)
	at org.springframework.web.context.ContextLoaderListener.contextInitialized(ContextLoaderListener.java:107)
	at org.apache.catalina.core.StandardContext.listenerStart(StandardContext.java:4600)
	at org.apache.catalina.core.StandardContext.startInternal(StandardContext.java:5066)
	at org.apache.catalina.util.LifecycleBase.start(LifecycleBase.java:183)
	at org.apache.catalina.core.ContainerBase.addChildInternal(ContainerBase.java:742)
	at org.apache.catalina.core.ContainerBase.addChild(ContainerBase.java:718)
	at org.apache.catalina.core.StandardHost.addChild(StandardHost.java:703)
	at org.apache.catalina.startup.HostConfig.deployDirectory(HostConfig.java:1141)
	at org.apache.catalina.startup.HostConfig$DeployDirectory.run(HostConfig.java:1875)
	at java.util.concurrent.Executors$RunnableAdapter.call(Executors.java:511)
	at java.util.concurrent.FutureTask.run(FutureTask.java:266)
	at org.apache.tomcat.util.threads.InlineExecutorService.execute(InlineExecutorService.java:75)
	at java.util.concurrent.AbstractExecutorService.submit(AbstractExecutorService.java:112)
	at org.apache.catalina.startup.HostConfig.deployDirectories(HostConfig.java:1053)
	at org.apache.catalina.startup.HostConfig.deployApps(HostConfig.java:428)
	at org.apache.catalina.startup.HostConfig.start(HostConfig.java:1585)
	at org.apache.catalina.startup.HostConfig.lifecycleEvent(HostConfig.java:308)
	at org.apache.catalina.util.LifecycleBase.fireLifecycleEvent(LifecycleBase.java:123)
	at org.apache.catalina.util.LifecycleBase.setStateInternal(LifecycleBase.java:424)
	at org.apache.catalina.util.LifecycleBase.setState(LifecycleBase.java:367)
	at org.apache.catalina.core.ContainerBase.startInternal(ContainerBase.java:966)
	at org.apache.catalina.core.StandardHost.startInternal(StandardHost.java:839)
	at org.apache.catalina.util.LifecycleBase.start(LifecycleBase.java:183)
	at org.apache.catalina.core.ContainerBase$StartChild.call(ContainerBase.java:1427)
	at org.apache.catalina.core.ContainerBase$StartChild.call(ContainerBase.java:1417)
	at java.util.concurrent.FutureTask.run(FutureTask.java:266)
	at org.apache.tomcat.util.threads.InlineExecutorService.execute(InlineExecutorService.java:75)
	at java.util.concurrent.AbstractExecutorService.submit(AbstractExecutorService.java:134)
	at org.apache.catalina.core.ContainerBase.startInternal(ContainerBase.java:943)
	at org.apache.catalina.core.StandardEngine.startInternal(StandardEngine.java:258)
	at org.apache.catalina.util.LifecycleBase.start(LifecycleBase.java:183)
	at org.apache.catalina.core.StandardService.startInternal(StandardService.java:422)
	at org.apache.catalina.util.LifecycleBase.start(LifecycleBase.java:183)
	at org.apache.catalina.core.StandardServer.startInternal(StandardServer.java:770)
	at org.apache.catalina.util.LifecycleBase.start(LifecycleBase.java:183)
	at org.apache.catalina.startup.Catalina.start(Catalina.java:682)
	at sun.reflect.NativeMethodAccessorImpl.invoke0(Native Method)
	at sun.reflect.NativeMethodAccessorImpl.invoke(NativeMethodAccessorImpl.java:62)
	at sun.reflect.DelegatingMethodAccessorImpl.invoke(DelegatingMethodAccessorImpl.java:43)
	at java.lang.reflect.Method.invoke(Method.java:498)
	at org.apache.catalina.startup.Bootstrap.start(Bootstrap.java:350)
	at org.apache.catalina.startup.Bootstrap.main(Bootstrap.java:492)

25-Mar-2019 18:19:37.913 WARN [main] org.hibernate.engine.jdbc.env.internal.JdbcEnvironmentInitiator.initiateService HHH000342: Could not obtain connection to query metadata : FATAL: database "å¤é¨å¬é£" does not exist
25-Mar-2019 18:19:37.934 INFO [main] org.hibernate.dialect.Dialect.<init> HHH000400: Using dialect: org.hibernate.dialect.PostgreSQL82Dialect
25-Mar-2019 18:19:37.959 INFO [main] org.hibernate.engine.jdbc.env.internal.LobCreatorBuilderImpl.makeLobCreatorBuilder HHH000422: Disabling contextual LOB creation as connection was null
25-Mar-2019 18:19:37.966 INFO [main] org.hibernate.type.BasicTypeRegistry.register HHH000270: Type registration [java.util.UUID] overrides previous : org.hibernate.type.UUIDBinaryType@27d48912
25-Mar-2019 18:19:38.285 WARN [main] org.hibernate.type.spi.TypeConfiguration$Scope.setSessionFactory HHH000233: Scoping types to session factory org.hibernate.internal.SessionFactoryImpl@63fbefe8 after already scoped org.hibernate.internal.SessionFactoryImpl@63fbefe8
25-Mar-2019 18:19:38.997 严重 [main] org.apache.catalina.core.StandardContext.startInternal One or more listeners failed to start. Full details will be found in the appropriate container log file
25-Mar-2019 18:19:38.998 严重 [main] org.apache.catalina.core.StandardContext.startInternal Context [/shop_war] startup failed due to previous errors
25-Mar-2019 18:19:39.004 警告 [main] org.apache.catalina.loader.WebappClassLoaderBase.clearReferencesJdbc The web application [shop_war] registered the JDBC driver [org.postgresql.Driver] but failed to unregister it when the web application was stopped. To prevent a memory leak, the JDBC Driver has been forcibly unregistered.
25-Mar-2019 18:19:39.007 信息 [main] org.apache.catalina.startup.HostConfig.deployDirectory Deployment of web application directory [/Users/luoshaohua/Documents/apache-tomcat-9.0.7/webapps/shop_war] has finished in [3,356] ms
25-Mar-2019 18:19:39.008 信息 [main] org.apache.catalina.startup.HostConfig.deployDirectory Deploying web application directory [/Users/luoshaohua/Documents/apache-tomcat-9.0.7/webapps/docs]
25-Mar-2019 18:19:39.016 信息 [main] org.apache.catalina.startup.HostConfig.deployDirectory Deployment of web application directory [/Users/luoshaohua/Documents/apache-tomcat-9.0.7/webapps/docs] has finished in [9] ms
25-Mar-2019 18:19:39.016 信息 [main] org.apache.catalina.startup.HostConfig.deployDirectory Deploying web application directory [/Users/luoshaohua/Documents/apache-tomcat-9.0.7/webapps/manager]
25-Mar-2019 18:19:39.033 信息 [main] org.apache.catalina.startup.HostConfig.deployDirectory Deployment of web application directory [/Users/luoshaohua/Documents/apache-tomcat-9.0.7/webapps/manager] has finished in [17] ms
25-Mar-2019 18:19:39.033 信息 [main] org.apache.catalina.startup.HostConfig.deployDirectory Deploying web application directory [/Users/luoshaohua/Documents/apache-tomcat-9.0.7/webapps/examples]
25-Mar-2019 18:19:39.190 信息 [main] org.apache.catalina.startup.HostConfig.deployDirectory Deployment of web application directory [/Users/luoshaohua/Documents/apache-tomcat-9.0.7/webapps/examples] has finished in [157] ms
25-Mar-2019 18:19:39.191 信息 [main] org.apache.catalina.startup.HostConfig.deployDirectory Deploying web application directory [/Users/luoshaohua/Documents/apache-tomcat-9.0.7/webapps/jpa_war]
25-Mar-2019 18:19:40.251 信息 [main] org.apache.jasper.servlet.TldScanner.scanJars At least one JAR was scanned for TLDs yet contained no TLDs. Enable debug logging for this logger for a complete list of JARs that were scanned but no TLDs were found in them. Skipping unneeded JARs during scanning can improve startup time and JSP compilation time.
25-Mar-2019 18:19:40.256 信息 [main] org.apache.catalina.startup.HostConfig.deployDirectory Deployment of web application directory [/Users/luoshaohua/Documents/apache-tomcat-9.0.7/webapps/jpa_war] has finished in [1,064] ms
25-Mar-2019 18:19:40.256 信息 [main] org.apache.catalina.startup.HostConfig.deployDirectory Deploying web application directory [/Users/luoshaohua/Documents/apache-tomcat-9.0.7/webapps/ROOT]
25-Mar-2019 18:19:40.810 信息 [main] org.apache.jasper.servlet.TldScanner.scanJars At least one JAR was scanned for TLDs yet contained no TLDs. Enable debug logging for this logger for a complete list of JARs that were scanned but no TLDs were found in them. Skipping unneeded JARs during scanning can improve startup time and JSP compilation time.
25-Mar-2019 18:19:40.901 信息 [main] org.springframework.web.servlet.DispatcherServlet.initServletBean FrameworkServlet 'appService': initialization started
25-Mar-2019 18:19:40.917 信息 [main] org.springframework.web.context.support.XmlWebApplicationContext.prepareRefresh Refreshing WebApplicationContext for namespace 'appService-servlet': startup date [Mon Mar 25 18:19:40 CST 2019]; root of context hierarchy
25-Mar-2019 18:19:40.947 信息 [main] org.springframework.beans.factory.xml.XmlBeanDefinitionReader.loadBeanDefinitions Loading XML bean definitions from ServletContext resource [/WEB-INF/appServlet/servlet-context.xml]
25-Mar-2019 18:19:41.392 信息 [main] org.springframework.web.servlet.mvc.method.annotation.RequestMappingHandlerMapping.register Mapped "{[/]}" onto public java.lang.String spring.controller.HomeController.home(org.springframework.ui.Model)
25-Mar-2019 18:19:41.440 信息 [main] org.springframework.web.servlet.mvc.method.annotation.RequestMappingHandlerAdapter.initControllerAdviceCache Looking for @ControllerAdvice: WebApplicationContext for namespace 'appService-servlet': startup date [Mon Mar 25 18:19:40 CST 2019]; root of context hierarchy
25-Mar-2019 18:19:41.474 信息 [main] org.springframework.web.servlet.mvc.method.annotation.RequestMappingHandlerAdapter.initControllerAdviceCache Looking for @ControllerAdvice: WebApplicationContext for namespace 'appService-servlet': startup date [Mon Mar 25 18:19:40 CST 2019]; root of context hierarchy
25-Mar-2019 18:19:41.517 信息 [main] org.springframework.web.servlet.handler.SimpleUrlHandlerMapping.registerHandler Mapped URL path [/resources/**] onto handler 'org.springframework.web.servlet.resource.ResourceHttpRequestHandler#0'
25-Mar-2019 18:19:41.574 信息 [main] org.springframework.web.servlet.DispatcherServlet.initServletBean FrameworkServlet 'appService': initialization completed in 673 ms
25-Mar-2019 18:19:41.576 信息 [main] org.apache.catalina.startup.HostConfig.deployDirectory Deployment of web application directory [/Users/luoshaohua/Documents/apache-tomcat-9.0.7/webapps/ROOT] has finished in [1,320] ms
25-Mar-2019 18:19:41.576 信息 [main] org.apache.catalina.startup.HostConfig.deployDirectory Deploying web application directory [/Users/luoshaohua/Documents/apache-tomcat-9.0.7/webapps/host-manager]
25-Mar-2019 18:19:41.590 信息 [main] org.apache.catalina.startup.HostConfig.deployDirectory Deployment of web application directory [/Users/luoshaohua/Documents/apache-tomcat-9.0.7/webapps/host-manager] has finished in [14] ms
25-Mar-2019 18:19:41.593 信息 [main] org.apache.catalina.startup.Catalina.start Server startup in 10701 ms
25-Mar-2019 18:19:41.595 严重 [main] org.apache.catalina.core.StandardServer.await StandardServer.await: create[localhost:8005]: 
 java.net.BindException: Address already in use (Bind failed)
	at java.net.PlainSocketImpl.socketBind(Native Method)
	at java.net.AbstractPlainSocketImpl.bind(AbstractPlainSocketImpl.java:387)
	at java.net.ServerSocket.bind(ServerSocket.java:375)
	at java.net.ServerSocket.<init>(ServerSocket.java:237)
	at org.apache.catalina.core.StandardServer.await(StandardServer.java:422)
	at org.apache.catalina.startup.Catalina.await(Catalina.java:770)
	at org.apache.catalina.startup.Catalina.start(Catalina.java:716)
	at sun.reflect.NativeMethodAccessorImpl.invoke0(Native Method)
	at sun.reflect.NativeMethodAccessorImpl.invoke(NativeMethodAccessorImpl.java:62)
	at sun.reflect.DelegatingMethodAccessorImpl.invoke(DelegatingMethodAccessorImpl.java:43)
	at java.lang.reflect.Method.invoke(Method.java:498)
	at org.apache.catalina.startup.Bootstrap.start(Bootstrap.java:350)
	at org.apache.catalina.startup.Bootstrap.main(Bootstrap.java:492)

25-Mar-2019 18:19:41.595 信息 [main] org.apache.coyote.AbstractProtocol.pause Pausing ProtocolHandler ["http-nio-8080"]
25-Mar-2019 18:19:41.595 信息 [main] org.apache.coyote.AbstractProtocol.pause Pausing ProtocolHandler ["ajp-nio-8009"]
25-Mar-2019 18:19:41.595 信息 [main] org.apache.catalina.core.StandardService.stopInternal Stopping service [Catalina]
25-Mar-2019 18:19:41.596 信息 [main] org.springframework.web.context.support.XmlWebApplicationContext.doClose Closing WebApplicationContext for namespace 'appService-servlet': startup date [Mon Mar 25 18:19:40 CST 2019]; root of context hierarchy
25-Mar-2019 18:19:41.619 警告 [main] org.apache.catalina.loader.WebappClassLoaderBase.clearReferencesJdbc The web application [demo_war] registered the JDBC driver [org.postgresql.Driver] but failed to unregister it when the web application was stopped. To prevent a memory leak, the JDBC Driver has been forcibly unregistered.
25-Mar-2019 18:19:41.621 信息 [main] org.apache.coyote.AbstractProtocol.stop Stopping ProtocolHandler ["http-nio-8080"]
25-Mar-2019 18:19:41.621 信息 [main] org.apache.coyote.AbstractProtocol.destroy Destroying ProtocolHandler ["http-nio-8080"]
25-Mar-2019 18:19:41.622 信息 [main] org.apache.coyote.AbstractProtocol.stop Stopping ProtocolHandler ["ajp-nio-8009"]
25-Mar-2019 18:19:41.622 信息 [main] org.apache.coyote.AbstractProtocol.destroy Destroying ProtocolHandler ["ajp-nio-8009"]
