14-Mar-2019 18:21:16.133 信息 [main] org.apache.catalina.startup.VersionLoggerListener.log Server version:        Apache Tomcat/9.0.7
14-Mar-2019 18:21:16.142 信息 [main] org.apache.catalina.startup.VersionLoggerListener.log Server built:          Apr 3 2018 19:53:05 UTC
14-Mar-2019 18:21:16.142 信息 [main] org.apache.catalina.startup.VersionLoggerListener.log Server number:         9.0.7.0
14-Mar-2019 18:21:16.143 信息 [main] org.apache.catalina.startup.VersionLoggerListener.log OS Name:               Mac OS X
14-Mar-2019 18:21:16.143 信息 [main] org.apache.catalina.startup.VersionLoggerListener.log OS Version:            10.14.1
14-Mar-2019 18:21:16.143 信息 [main] org.apache.catalina.startup.VersionLoggerListener.log Architecture:          x86_64
14-Mar-2019 18:21:16.143 信息 [main] org.apache.catalina.startup.VersionLoggerListener.log Java Home:             /Library/Java/JavaVirtualMachines/jdk1.8.0_201.jdk/Contents/Home/jre
14-Mar-2019 18:21:16.143 信息 [main] org.apache.catalina.startup.VersionLoggerListener.log JVM Version:           1.8.0_201-b09
14-Mar-2019 18:21:16.143 信息 [main] org.apache.catalina.startup.VersionLoggerListener.log JVM Vendor:            Oracle Corporation
14-Mar-2019 18:21:16.143 信息 [main] org.apache.catalina.startup.VersionLoggerListener.log CATALINA_BASE:         /Users/luoshaohua/Documents/apache-tomcat-9.0.7
14-Mar-2019 18:21:16.143 信息 [main] org.apache.catalina.startup.VersionLoggerListener.log CATALINA_HOME:         /Users/luoshaohua/Documents/apache-tomcat-9.0.7
14-Mar-2019 18:21:16.144 信息 [main] org.apache.catalina.startup.VersionLoggerListener.log Command line argument: -Djava.util.logging.config.file=/Users/luoshaohua/Documents/apache-tomcat-9.0.7/conf/logging.properties
14-Mar-2019 18:21:16.144 信息 [main] org.apache.catalina.startup.VersionLoggerListener.log Command line argument: -Djava.util.logging.manager=org.apache.juli.ClassLoaderLogManager
14-Mar-2019 18:21:16.144 信息 [main] org.apache.catalina.startup.VersionLoggerListener.log Command line argument: -Djdk.tls.ephemeralDHKeySize=2048
14-Mar-2019 18:21:16.144 信息 [main] org.apache.catalina.startup.VersionLoggerListener.log Command line argument: -Djava.protocol.handler.pkgs=org.apache.catalina.webresources
14-Mar-2019 18:21:16.144 信息 [main] org.apache.catalina.startup.VersionLoggerListener.log Command line argument: -Dorg.apache.catalina.security.SecurityListener.UMASK=0027
14-Mar-2019 18:21:16.144 信息 [main] org.apache.catalina.startup.VersionLoggerListener.log Command line argument: -Dignore.endorsed.dirs=
14-Mar-2019 18:21:16.144 信息 [main] org.apache.catalina.startup.VersionLoggerListener.log Command line argument: -Dcatalina.base=/Users/luoshaohua/Documents/apache-tomcat-9.0.7
14-Mar-2019 18:21:16.144 信息 [main] org.apache.catalina.startup.VersionLoggerListener.log Command line argument: -Dcatalina.home=/Users/luoshaohua/Documents/apache-tomcat-9.0.7
14-Mar-2019 18:21:16.145 信息 [main] org.apache.catalina.startup.VersionLoggerListener.log Command line argument: -Djava.io.tmpdir=/Users/luoshaohua/Documents/apache-tomcat-9.0.7/temp
14-Mar-2019 18:21:16.145 信息 [main] org.apache.catalina.core.AprLifecycleListener.lifecycleEvent The APR based Apache Tomcat Native library which allows optimal performance in production environments was not found on the java.library.path: [/Users/luoshaohua/Library/Java/Extensions:/Library/Java/Extensions:/Network/Library/Java/Extensions:/System/Library/Java/Extensions:/usr/lib/java:.]
14-Mar-2019 18:21:16.282 信息 [main] org.apache.coyote.AbstractProtocol.init Initializing ProtocolHandler ["http-nio-8080"]
14-Mar-2019 18:21:16.311 信息 [main] org.apache.tomcat.util.net.NioSelectorPool.getSharedSelector Using a shared selector for servlet write/read
14-Mar-2019 18:21:16.318 信息 [main] org.apache.coyote.AbstractProtocol.init Initializing ProtocolHandler ["ajp-nio-8009"]
14-Mar-2019 18:21:16.319 信息 [main] org.apache.tomcat.util.net.NioSelectorPool.getSharedSelector Using a shared selector for servlet write/read
14-Mar-2019 18:21:16.319 信息 [main] org.apache.catalina.startup.Catalina.load Initialization processed in 561 ms
14-Mar-2019 18:21:16.348 信息 [main] org.apache.catalina.core.StandardService.startInternal Starting service [Catalina]
14-Mar-2019 18:21:16.348 信息 [main] org.apache.catalina.core.StandardEngine.startInternal Starting Servlet Engine: Apache Tomcat/9.0.7
14-Mar-2019 18:21:16.356 信息 [main] org.apache.catalina.startup.HostConfig.deployDirectory Deploying web application directory [/Users/luoshaohua/Documents/apache-tomcat-9.0.7/webapps/docs]
14-Mar-2019 18:21:16.643 信息 [main] org.apache.catalina.startup.HostConfig.deployDirectory Deployment of web application directory [/Users/luoshaohua/Documents/apache-tomcat-9.0.7/webapps/docs] has finished in [287] ms
14-Mar-2019 18:21:16.644 信息 [main] org.apache.catalina.startup.HostConfig.deployDirectory Deploying web application directory [/Users/luoshaohua/Documents/apache-tomcat-9.0.7/webapps/manager]
14-Mar-2019 18:21:16.669 信息 [main] org.apache.catalina.startup.HostConfig.deployDirectory Deployment of web application directory [/Users/luoshaohua/Documents/apache-tomcat-9.0.7/webapps/manager] has finished in [26] ms
14-Mar-2019 18:21:16.669 信息 [main] org.apache.catalina.startup.HostConfig.deployDirectory Deploying web application directory [/Users/luoshaohua/Documents/apache-tomcat-9.0.7/webapps/examples]
14-Mar-2019 18:21:16.883 信息 [main] org.apache.catalina.startup.HostConfig.deployDirectory Deployment of web application directory [/Users/luoshaohua/Documents/apache-tomcat-9.0.7/webapps/examples] has finished in [214] ms
14-Mar-2019 18:21:16.883 信息 [main] org.apache.catalina.startup.HostConfig.deployDirectory Deploying web application directory [/Users/luoshaohua/Documents/apache-tomcat-9.0.7/webapps/ROOT]
14-Mar-2019 18:21:17.538 信息 [main] org.apache.jasper.servlet.TldScanner.scanJars At least one JAR was scanned for TLDs yet contained no TLDs. Enable debug logging for this logger for a complete list of JARs that were scanned but no TLDs were found in them. Skipping unneeded JARs during scanning can improve startup time and JSP compilation time.
14-Mar-2019 18:21:17.655 信息 [main] org.springframework.web.servlet.DispatcherServlet.initServletBean FrameworkServlet 'appService': initialization started
14-Mar-2019 18:21:17.674 信息 [main] org.springframework.web.context.support.XmlWebApplicationContext.prepareRefresh Refreshing WebApplicationContext for namespace 'appService-servlet': startup date [Thu Mar 14 18:21:17 CST 2019]; root of context hierarchy
14-Mar-2019 18:21:17.709 信息 [main] org.springframework.beans.factory.xml.XmlBeanDefinitionReader.loadBeanDefinitions Loading XML bean definitions from ServletContext resource [/WEB-INF/appServlet/servlet-context.xml]
14-Mar-2019 18:21:18.233 信息 [main] org.springframework.web.servlet.mvc.method.annotation.RequestMappingHandlerMapping.register Mapped "{[/]}" onto public java.lang.String spring.controller.HomeController.home(org.springframework.ui.Model)
14-Mar-2019 18:21:18.298 信息 [main] org.springframework.web.servlet.mvc.method.annotation.RequestMappingHandlerAdapter.initControllerAdviceCache Looking for @ControllerAdvice: WebApplicationContext for namespace 'appService-servlet': startup date [Thu Mar 14 18:21:17 CST 2019]; root of context hierarchy
14-Mar-2019 18:21:18.339 信息 [main] org.springframework.web.servlet.mvc.method.annotation.RequestMappingHandlerAdapter.initControllerAdviceCache Looking for @ControllerAdvice: WebApplicationContext for namespace 'appService-servlet': startup date [Thu Mar 14 18:21:17 CST 2019]; root of context hierarchy
14-Mar-2019 18:21:18.386 信息 [main] org.springframework.web.servlet.handler.SimpleUrlHandlerMapping.registerHandler Mapped URL path [/resources/**] onto handler 'org.springframework.web.servlet.resource.ResourceHttpRequestHandler#0'
14-Mar-2019 18:21:18.471 信息 [main] org.springframework.web.servlet.DispatcherServlet.initServletBean FrameworkServlet 'appService': initialization completed in 815 ms
14-Mar-2019 18:21:18.472 信息 [main] org.apache.catalina.startup.HostConfig.deployDirectory Deployment of web application directory [/Users/luoshaohua/Documents/apache-tomcat-9.0.7/webapps/ROOT] has finished in [1,589] ms
14-Mar-2019 18:21:18.472 信息 [main] org.apache.catalina.startup.HostConfig.deployDirectory Deploying web application directory [/Users/luoshaohua/Documents/apache-tomcat-9.0.7/webapps/host-manager]
14-Mar-2019 18:21:18.487 信息 [main] org.apache.catalina.startup.HostConfig.deployDirectory Deployment of web application directory [/Users/luoshaohua/Documents/apache-tomcat-9.0.7/webapps/host-manager] has finished in [15] ms
14-Mar-2019 18:21:18.489 信息 [main] org.apache.coyote.AbstractProtocol.start Starting ProtocolHandler ["http-nio-8080"]
14-Mar-2019 18:21:18.496 信息 [main] org.apache.coyote.AbstractProtocol.start Starting ProtocolHandler ["ajp-nio-8009"]
14-Mar-2019 18:21:18.497 信息 [main] org.apache.catalina.startup.Catalina.start Server startup in 2177 ms
14-Mar-2019 18:23:02.097 警告 [main] org.apache.catalina.core.StandardServer.await StandardServer.await: Invalid command '' received
14-Mar-2019 18:23:08.871 警告 [http-nio-8080-exec-5] org.springframework.web.servlet.PageNotFound.noHandlerFound No mapping found for HTTP request with URI [/jsp_war_exploded/] in DispatcherServlet with name 'appService'
14-Mar-2019 18:23:08.903 警告 [http-nio-8080-exec-7] org.springframework.web.servlet.PageNotFound.noHandlerFound No mapping found for HTTP request with URI [/jsp_war_exploded/] in DispatcherServlet with name 'appService'
14-Mar-2019 18:24:13.920 警告 [main] org.apache.catalina.core.StandardServer.await StandardServer.await: Invalid command '' received
14-Mar-2019 18:28:11.717 警告 [main] org.apache.catalina.core.StandardServer.await StandardServer.await: Invalid command '' received
14-Mar-2019 18:29:01.702 警告 [main] org.apache.catalina.core.StandardServer.await StandardServer.await: Invalid command '' received
14-Mar-2019 19:57:27.443 警告 [main] org.apache.catalina.core.StandardServer.await StandardServer.await: Invalid command '' received
14-Mar-2019 20:22:14.765 警告 [main] org.apache.catalina.core.StandardServer.await StandardServer.await: Invalid command '' received
14-Mar-2019 20:22:16.715 警告 [http-nio-8080-exec-7] org.springframework.web.servlet.PageNotFound.noHandlerFound No mapping found for HTTP request with URI [/include_war_exploded/] in DispatcherServlet with name 'appService'
14-Mar-2019 20:22:16.775 警告 [http-nio-8080-exec-1] org.springframework.web.servlet.PageNotFound.noHandlerFound No mapping found for HTTP request with URI [/include_war_exploded/] in DispatcherServlet with name 'appService'
14-Mar-2019 20:23:10.080 信息 [Thread-5] org.apache.coyote.AbstractProtocol.pause Pausing ProtocolHandler ["http-nio-8080"]
14-Mar-2019 20:23:10.139 信息 [Thread-5] org.apache.coyote.AbstractProtocol.pause Pausing ProtocolHandler ["ajp-nio-8009"]
14-Mar-2019 20:23:10.195 信息 [Thread-5] org.apache.catalina.core.StandardService.stopInternal Stopping service [Catalina]
14-Mar-2019 20:23:10.198 信息 [Thread-5] org.springframework.web.context.support.XmlWebApplicationContext.doClose Closing WebApplicationContext for namespace 'appService-servlet': startup date [Thu Mar 14 18:21:17 CST 2019]; root of context hierarchy
14-Mar-2019 20:23:10.223 信息 [Thread-5] org.apache.coyote.AbstractProtocol.stop Stopping ProtocolHandler ["http-nio-8080"]
14-Mar-2019 20:23:10.225 信息 [Thread-5] org.apache.coyote.AbstractProtocol.stop Stopping ProtocolHandler ["ajp-nio-8009"]
14-Mar-2019 20:23:10.226 信息 [Thread-5] org.apache.coyote.AbstractProtocol.destroy Destroying ProtocolHandler ["http-nio-8080"]
14-Mar-2019 20:23:10.226 信息 [Thread-5] org.apache.coyote.AbstractProtocol.destroy Destroying ProtocolHandler ["ajp-nio-8009"]
