22-Jan-2019 12:49:26.603 信息 [main] org.apache.catalina.startup.VersionLoggerListener.log Server version:        Apache Tomcat/9.0.7
22-Jan-2019 12:49:26.614 信息 [main] org.apache.catalina.startup.VersionLoggerListener.log Server built:          Apr 3 2018 19:53:05 UTC
22-Jan-2019 12:49:26.614 信息 [main] org.apache.catalina.startup.VersionLoggerListener.log Server number:         9.0.7.0
22-Jan-2019 12:49:26.615 信息 [main] org.apache.catalina.startup.VersionLoggerListener.log OS Name:               Mac OS X
22-Jan-2019 12:49:26.615 信息 [main] org.apache.catalina.startup.VersionLoggerListener.log OS Version:            10.11.6
22-Jan-2019 12:49:26.615 信息 [main] org.apache.catalina.startup.VersionLoggerListener.log Architecture:          x86_64
22-Jan-2019 12:49:26.616 信息 [main] org.apache.catalina.startup.VersionLoggerListener.log Java Home:             /Library/Java/JavaVirtualMachines/jdk-9.0.4.jdk/Contents/Home
22-Jan-2019 12:49:26.616 信息 [main] org.apache.catalina.startup.VersionLoggerListener.log JVM Version:           9.0.4+11
22-Jan-2019 12:49:26.616 信息 [main] org.apache.catalina.startup.VersionLoggerListener.log JVM Vendor:            Oracle Corporation
22-Jan-2019 12:49:26.616 信息 [main] org.apache.catalina.startup.VersionLoggerListener.log CATALINA_BASE:         /Users/macos/Downloads/apache-tomcat-9.0.7
22-Jan-2019 12:49:26.617 信息 [main] org.apache.catalina.startup.VersionLoggerListener.log CATALINA_HOME:         /Users/macos/Downloads/apache-tomcat-9.0.7
22-Jan-2019 12:49:26.619 信息 [main] org.apache.catalina.startup.VersionLoggerListener.log Command line argument: --add-opens=java.base/java.lang=ALL-UNNAMED
22-Jan-2019 12:49:26.620 信息 [main] org.apache.catalina.startup.VersionLoggerListener.log Command line argument: --add-opens=java.base/java.io=ALL-UNNAMED
22-Jan-2019 12:49:26.620 信息 [main] org.apache.catalina.startup.VersionLoggerListener.log Command line argument: --add-opens=java.rmi/sun.rmi.transport=ALL-UNNAMED
22-Jan-2019 12:49:26.620 信息 [main] org.apache.catalina.startup.VersionLoggerListener.log Command line argument: -Djava.util.logging.config.file=/Users/macos/Downloads/apache-tomcat-9.0.7/conf/logging.properties
22-Jan-2019 12:49:26.620 信息 [main] org.apache.catalina.startup.VersionLoggerListener.log Command line argument: -Djava.util.logging.manager=org.apache.juli.ClassLoaderLogManager
22-Jan-2019 12:49:26.621 信息 [main] org.apache.catalina.startup.VersionLoggerListener.log Command line argument: -Djdk.tls.ephemeralDHKeySize=2048
22-Jan-2019 12:49:26.621 信息 [main] org.apache.catalina.startup.VersionLoggerListener.log Command line argument: -Djava.protocol.handler.pkgs=org.apache.catalina.webresources
22-Jan-2019 12:49:26.621 信息 [main] org.apache.catalina.startup.VersionLoggerListener.log Command line argument: -Dorg.apache.catalina.security.SecurityListener.UMASK=0027
22-Jan-2019 12:49:26.621 信息 [main] org.apache.catalina.startup.VersionLoggerListener.log Command line argument: -Dignore.endorsed.dirs=
22-Jan-2019 12:49:26.622 信息 [main] org.apache.catalina.startup.VersionLoggerListener.log Command line argument: -Dcatalina.base=/Users/macos/Downloads/apache-tomcat-9.0.7
22-Jan-2019 12:49:26.622 信息 [main] org.apache.catalina.startup.VersionLoggerListener.log Command line argument: -Dcatalina.home=/Users/macos/Downloads/apache-tomcat-9.0.7
22-Jan-2019 12:49:26.622 信息 [main] org.apache.catalina.startup.VersionLoggerListener.log Command line argument: -Djava.io.tmpdir=/Users/macos/Downloads/apache-tomcat-9.0.7/temp
22-Jan-2019 12:49:26.623 信息 [main] org.apache.catalina.core.AprLifecycleListener.lifecycleEvent The APR based Apache Tomcat Native library which allows optimal performance in production environments was not found on the java.library.path: [/Users/macos/Library/Java/Extensions:/Library/Java/Extensions:/Network/Library/Java/Extensions:/System/Library/Java/Extensions:/usr/lib/java:.]
22-Jan-2019 12:49:26.705 信息 [main] org.apache.coyote.AbstractProtocol.init Initializing ProtocolHandler ["http-nio-8080"]
22-Jan-2019 12:49:26.742 信息 [main] org.apache.tomcat.util.net.NioSelectorPool.getSharedSelector Using a shared selector for servlet write/read
22-Jan-2019 12:49:26.752 信息 [main] org.apache.coyote.AbstractProtocol.init Initializing ProtocolHandler ["ajp-nio-8009"]
22-Jan-2019 12:49:26.754 信息 [main] org.apache.tomcat.util.net.NioSelectorPool.getSharedSelector Using a shared selector for servlet write/read
22-Jan-2019 12:49:26.755 信息 [main] org.apache.catalina.startup.Catalina.load Initialization processed in 1121 ms
22-Jan-2019 12:49:26.863 信息 [main] org.apache.catalina.core.StandardService.startInternal Starting service [Catalina]
22-Jan-2019 12:49:26.863 信息 [main] org.apache.catalina.core.StandardEngine.startInternal Starting Servlet Engine: Apache Tomcat/9.0.7
22-Jan-2019 12:49:26.883 信息 [main] org.apache.catalina.startup.HostConfig.deployDirectory Deploying web application directory [/Users/macos/Downloads/apache-tomcat-9.0.7/webapps/docs]
22-Jan-2019 12:49:27.724 信息 [main] org.apache.catalina.startup.HostConfig.deployDirectory Deployment of web application directory [/Users/macos/Downloads/apache-tomcat-9.0.7/webapps/docs] has finished in [839] ms
22-Jan-2019 12:49:27.724 信息 [main] org.apache.catalina.startup.HostConfig.deployDirectory Deploying web application directory [/Users/macos/Downloads/apache-tomcat-9.0.7/webapps/examples]
22-Jan-2019 12:49:28.284 信息 [main] org.apache.catalina.startup.HostConfig.deployDirectory Deployment of web application directory [/Users/macos/Downloads/apache-tomcat-9.0.7/webapps/examples] has finished in [559] ms
22-Jan-2019 12:49:28.285 信息 [main] org.apache.catalina.startup.HostConfig.deployDirectory Deploying web application directory [/Users/macos/Downloads/apache-tomcat-9.0.7/webapps/host-manager]
22-Jan-2019 12:49:28.349 信息 [main] org.apache.catalina.startup.HostConfig.deployDirectory Deployment of web application directory [/Users/macos/Downloads/apache-tomcat-9.0.7/webapps/host-manager] has finished in [64] ms
22-Jan-2019 12:49:28.350 信息 [main] org.apache.catalina.startup.HostConfig.deployDirectory Deploying web application directory [/Users/macos/Downloads/apache-tomcat-9.0.7/webapps/manager]
22-Jan-2019 12:49:28.397 信息 [main] org.apache.catalina.startup.HostConfig.deployDirectory Deployment of web application directory [/Users/macos/Downloads/apache-tomcat-9.0.7/webapps/manager] has finished in [43] ms
22-Jan-2019 12:49:28.398 信息 [main] org.apache.catalina.startup.HostConfig.deployDirectory Deploying web application directory [/Users/macos/Downloads/apache-tomcat-9.0.7/webapps/ROOT]
22-Jan-2019 12:49:28.428 信息 [main] org.apache.catalina.startup.HostConfig.deployDirectory Deployment of web application directory [/Users/macos/Downloads/apache-tomcat-9.0.7/webapps/ROOT] has finished in [31] ms
22-Jan-2019 12:49:28.437 信息 [main] org.apache.coyote.AbstractProtocol.start Starting ProtocolHandler ["http-nio-8080"]
22-Jan-2019 12:49:28.452 信息 [main] org.apache.coyote.AbstractProtocol.start Starting ProtocolHandler ["ajp-nio-8009"]
22-Jan-2019 12:49:28.456 信息 [main] org.apache.catalina.startup.Catalina.start Server startup in 1700 ms
22-Jan-2019 19:13:28.433 信息 [main] org.apache.catalina.startup.VersionLoggerListener.log Server version:        Apache Tomcat/9.0.7
22-Jan-2019 19:13:28.448 信息 [main] org.apache.catalina.startup.VersionLoggerListener.log Server built:          Apr 3 2018 19:53:05 UTC
22-Jan-2019 19:13:28.454 信息 [main] org.apache.catalina.startup.VersionLoggerListener.log Server number:         9.0.7.0
22-Jan-2019 19:13:28.455 信息 [main] org.apache.catalina.startup.VersionLoggerListener.log OS Name:               Mac OS X
22-Jan-2019 19:13:28.456 信息 [main] org.apache.catalina.startup.VersionLoggerListener.log OS Version:            10.11.6
22-Jan-2019 19:13:28.456 信息 [main] org.apache.catalina.startup.VersionLoggerListener.log Architecture:          x86_64
22-Jan-2019 19:13:28.457 信息 [main] org.apache.catalina.startup.VersionLoggerListener.log Java Home:             /Library/Java/JavaVirtualMachines/jdk-9.0.4.jdk/Contents/Home
22-Jan-2019 19:13:28.458 信息 [main] org.apache.catalina.startup.VersionLoggerListener.log JVM Version:           9.0.4+11
22-Jan-2019 19:13:28.458 信息 [main] org.apache.catalina.startup.VersionLoggerListener.log JVM Vendor:            Oracle Corporation
22-Jan-2019 19:13:28.459 信息 [main] org.apache.catalina.startup.VersionLoggerListener.log CATALINA_BASE:         /Users/macos/Downloads/apache-tomcat-9.0.7
22-Jan-2019 19:13:28.459 信息 [main] org.apache.catalina.startup.VersionLoggerListener.log CATALINA_HOME:         /Users/macos/Downloads/apache-tomcat-9.0.7
22-Jan-2019 19:13:28.461 信息 [main] org.apache.catalina.startup.VersionLoggerListener.log Command line argument: --add-opens=java.base/java.lang=ALL-UNNAMED
22-Jan-2019 19:13:28.462 信息 [main] org.apache.catalina.startup.VersionLoggerListener.log Command line argument: --add-opens=java.base/java.io=ALL-UNNAMED
22-Jan-2019 19:13:28.462 信息 [main] org.apache.catalina.startup.VersionLoggerListener.log Command line argument: --add-opens=java.rmi/sun.rmi.transport=ALL-UNNAMED
22-Jan-2019 19:13:28.463 信息 [main] org.apache.catalina.startup.VersionLoggerListener.log Command line argument: -Djava.util.logging.config.file=/Users/macos/Downloads/apache-tomcat-9.0.7/conf/logging.properties
22-Jan-2019 19:13:28.464 信息 [main] org.apache.catalina.startup.VersionLoggerListener.log Command line argument: -Djava.util.logging.manager=org.apache.juli.ClassLoaderLogManager
22-Jan-2019 19:13:28.465 信息 [main] org.apache.catalina.startup.VersionLoggerListener.log Command line argument: -Djdk.tls.ephemeralDHKeySize=2048
22-Jan-2019 19:13:28.465 信息 [main] org.apache.catalina.startup.VersionLoggerListener.log Command line argument: -Djava.protocol.handler.pkgs=org.apache.catalina.webresources
22-Jan-2019 19:13:28.466 信息 [main] org.apache.catalina.startup.VersionLoggerListener.log Command line argument: -Dorg.apache.catalina.security.SecurityListener.UMASK=0027
22-Jan-2019 19:13:28.466 信息 [main] org.apache.catalina.startup.VersionLoggerListener.log Command line argument: -Dignore.endorsed.dirs=
22-Jan-2019 19:13:28.467 信息 [main] org.apache.catalina.startup.VersionLoggerListener.log Command line argument: -Dcatalina.base=/Users/macos/Downloads/apache-tomcat-9.0.7
22-Jan-2019 19:13:28.467 信息 [main] org.apache.catalina.startup.VersionLoggerListener.log Command line argument: -Dcatalina.home=/Users/macos/Downloads/apache-tomcat-9.0.7
22-Jan-2019 19:13:28.468 信息 [main] org.apache.catalina.startup.VersionLoggerListener.log Command line argument: -Djava.io.tmpdir=/Users/macos/Downloads/apache-tomcat-9.0.7/temp
22-Jan-2019 19:13:28.469 信息 [main] org.apache.catalina.core.AprLifecycleListener.lifecycleEvent The APR based Apache Tomcat Native library which allows optimal performance in production environments was not found on the java.library.path: [/Users/macos/Library/Java/Extensions:/Library/Java/Extensions:/Network/Library/Java/Extensions:/System/Library/Java/Extensions:/usr/lib/java:.]
22-Jan-2019 19:13:28.547 信息 [main] org.apache.coyote.AbstractProtocol.init Initializing ProtocolHandler ["http-nio-8080"]
22-Jan-2019 19:13:28.600 信息 [main] org.apache.tomcat.util.net.NioSelectorPool.getSharedSelector Using a shared selector for servlet write/read
22-Jan-2019 19:13:28.612 信息 [main] org.apache.coyote.AbstractProtocol.init Initializing ProtocolHandler ["ajp-nio-8009"]
22-Jan-2019 19:13:28.615 信息 [main] org.apache.tomcat.util.net.NioSelectorPool.getSharedSelector Using a shared selector for servlet write/read
22-Jan-2019 19:13:28.615 信息 [main] org.apache.catalina.startup.Catalina.load Initialization processed in 1274 ms
22-Jan-2019 19:13:28.768 信息 [main] org.apache.catalina.core.StandardService.startInternal Starting service [Catalina]
22-Jan-2019 19:13:28.768 信息 [main] org.apache.catalina.core.StandardEngine.startInternal Starting Servlet Engine: Apache Tomcat/9.0.7
22-Jan-2019 19:13:28.790 信息 [main] org.apache.catalina.startup.HostConfig.deployDirectory Deploying web application directory [/Users/macos/Downloads/apache-tomcat-9.0.7/webapps/docs]
22-Jan-2019 19:13:29.568 信息 [main] org.apache.catalina.startup.HostConfig.deployDirectory Deployment of web application directory [/Users/macos/Downloads/apache-tomcat-9.0.7/webapps/docs] has finished in [778] ms
22-Jan-2019 19:13:29.569 信息 [main] org.apache.catalina.startup.HostConfig.deployDirectory Deploying web application directory [/Users/macos/Downloads/apache-tomcat-9.0.7/webapps/examples]
22-Jan-2019 19:13:30.130 信息 [main] org.apache.catalina.startup.HostConfig.deployDirectory Deployment of web application directory [/Users/macos/Downloads/apache-tomcat-9.0.7/webapps/examples] has finished in [561] ms
22-Jan-2019 19:13:30.131 信息 [main] org.apache.catalina.startup.HostConfig.deployDirectory Deploying web application directory [/Users/macos/Downloads/apache-tomcat-9.0.7/webapps/host-manager]
22-Jan-2019 19:13:30.191 信息 [main] org.apache.catalina.startup.HostConfig.deployDirectory Deployment of web application directory [/Users/macos/Downloads/apache-tomcat-9.0.7/webapps/host-manager] has finished in [60] ms
22-Jan-2019 19:13:30.192 信息 [main] org.apache.catalina.startup.HostConfig.deployDirectory Deploying web application directory [/Users/macos/Downloads/apache-tomcat-9.0.7/webapps/manager]
22-Jan-2019 19:13:30.234 信息 [main] org.apache.catalina.startup.HostConfig.deployDirectory Deployment of web application directory [/Users/macos/Downloads/apache-tomcat-9.0.7/webapps/manager] has finished in [42] ms
22-Jan-2019 19:13:30.234 信息 [main] org.apache.catalina.startup.HostConfig.deployDirectory Deploying web application directory [/Users/macos/Downloads/apache-tomcat-9.0.7/webapps/ROOT]
22-Jan-2019 19:13:30.268 信息 [main] org.apache.catalina.startup.HostConfig.deployDirectory Deployment of web application directory [/Users/macos/Downloads/apache-tomcat-9.0.7/webapps/ROOT] has finished in [33] ms
22-Jan-2019 19:13:30.271 信息 [main] org.apache.coyote.AbstractProtocol.start Starting ProtocolHandler ["http-nio-8080"]
22-Jan-2019 19:13:30.288 信息 [main] org.apache.coyote.AbstractProtocol.start Starting ProtocolHandler ["ajp-nio-8009"]
22-Jan-2019 19:13:30.291 信息 [main] org.apache.catalina.startup.Catalina.start Server startup in 1674 ms
