10-Mar-2019 11:24:48.779 信息 [main] org.apache.catalina.startup.VersionLoggerListener.log Server version:        Apache Tomcat/9.0.7
10-Mar-2019 11:24:48.783 信息 [main] org.apache.catalina.startup.VersionLoggerListener.log Server built:          Apr 3 2018 19:53:05 UTC
10-Mar-2019 11:24:48.783 信息 [main] org.apache.catalina.startup.VersionLoggerListener.log Server number:         9.0.7.0
10-Mar-2019 11:24:48.783 信息 [main] org.apache.catalina.startup.VersionLoggerListener.log OS Name:               Mac OS X
10-Mar-2019 11:24:48.783 信息 [main] org.apache.catalina.startup.VersionLoggerListener.log OS Version:            10.14.1
10-Mar-2019 11:24:48.783 信息 [main] org.apache.catalina.startup.VersionLoggerListener.log Architecture:          x86_64
10-Mar-2019 11:24:48.783 信息 [main] org.apache.catalina.startup.VersionLoggerListener.log Java Home:             /Library/Java/JavaVirtualMachines/jdk1.8.0_201.jdk/Contents/Home/jre
10-Mar-2019 11:24:48.783 信息 [main] org.apache.catalina.startup.VersionLoggerListener.log JVM Version:           1.8.0_201-b09
10-Mar-2019 11:24:48.784 信息 [main] org.apache.catalina.startup.VersionLoggerListener.log JVM Vendor:            Oracle Corporation
10-Mar-2019 11:24:48.784 信息 [main] org.apache.catalina.startup.VersionLoggerListener.log CATALINA_BASE:         /Users/luoshaohua/Downloads/apache-tomcat-9.0.7
10-Mar-2019 11:24:48.784 信息 [main] org.apache.catalina.startup.VersionLoggerListener.log CATALINA_HOME:         /Users/luoshaohua/Downloads/apache-tomcat-9.0.7
10-Mar-2019 11:24:48.784 信息 [main] org.apache.catalina.startup.VersionLoggerListener.log Command line argument: -Djava.util.logging.config.file=/Users/luoshaohua/Downloads/apache-tomcat-9.0.7/conf/logging.properties
10-Mar-2019 11:24:48.784 信息 [main] org.apache.catalina.startup.VersionLoggerListener.log Command line argument: -Djava.util.logging.manager=org.apache.juli.ClassLoaderLogManager
10-Mar-2019 11:24:48.785 信息 [main] org.apache.catalina.startup.VersionLoggerListener.log Command line argument: -Djdk.tls.ephemeralDHKeySize=2048
10-Mar-2019 11:24:48.785 信息 [main] org.apache.catalina.startup.VersionLoggerListener.log Command line argument: -Djava.protocol.handler.pkgs=org.apache.catalina.webresources
10-Mar-2019 11:24:48.785 信息 [main] org.apache.catalina.startup.VersionLoggerListener.log Command line argument: -Dorg.apache.catalina.security.SecurityListener.UMASK=0027
10-Mar-2019 11:24:48.785 信息 [main] org.apache.catalina.startup.VersionLoggerListener.log Command line argument: -Dignore.endorsed.dirs=
10-Mar-2019 11:24:48.785 信息 [main] org.apache.catalina.startup.VersionLoggerListener.log Command line argument: -Dcatalina.base=/Users/luoshaohua/Downloads/apache-tomcat-9.0.7
10-Mar-2019 11:24:48.785 信息 [main] org.apache.catalina.startup.VersionLoggerListener.log Command line argument: -Dcatalina.home=/Users/luoshaohua/Downloads/apache-tomcat-9.0.7
10-Mar-2019 11:24:48.785 信息 [main] org.apache.catalina.startup.VersionLoggerListener.log Command line argument: -Djava.io.tmpdir=/Users/luoshaohua/Downloads/apache-tomcat-9.0.7/temp
10-Mar-2019 11:24:48.785 信息 [main] org.apache.catalina.core.AprLifecycleListener.lifecycleEvent The APR based Apache Tomcat Native library which allows optimal performance in production environments was not found on the java.library.path: [/Users/luoshaohua/Library/Java/Extensions:/Library/Java/Extensions:/Network/Library/Java/Extensions:/System/Library/Java/Extensions:/usr/lib/java:.]
10-Mar-2019 11:24:48.933 信息 [main] org.apache.coyote.AbstractProtocol.init Initializing ProtocolHandler ["http-nio-8080"]
10-Mar-2019 11:24:48.950 严重 [main] org.apache.catalina.util.LifecycleBase.handleSubClassException Failed to initialize component [Connector[HTTP/1.1-8080]]
 org.apache.catalina.LifecycleException: Protocol handler initialization failed
	at org.apache.catalina.connector.Connector.initInternal(Connector.java:935)
	at org.apache.catalina.util.LifecycleBase.init(LifecycleBase.java:136)
	at org.apache.catalina.core.StandardService.initInternal(StandardService.java:530)
	at org.apache.catalina.util.LifecycleBase.init(LifecycleBase.java:136)
	at org.apache.catalina.core.StandardServer.initInternal(StandardServer.java:852)
	at org.apache.catalina.util.LifecycleBase.init(LifecycleBase.java:136)
	at org.apache.catalina.startup.Catalina.load(Catalina.java:633)
	at org.apache.catalina.startup.Catalina.load(Catalina.java:656)
	at sun.reflect.NativeMethodAccessorImpl.invoke0(Native Method)
	at sun.reflect.NativeMethodAccessorImpl.invoke(NativeMethodAccessorImpl.java:62)
	at sun.reflect.DelegatingMethodAccessorImpl.invoke(DelegatingMethodAccessorImpl.java:43)
	at java.lang.reflect.Method.invoke(Method.java:498)
	at org.apache.catalina.startup.Bootstrap.load(Bootstrap.java:306)
	at org.apache.catalina.startup.Bootstrap.main(Bootstrap.java:491)
Caused by: java.net.BindException: Address already in use
	at sun.nio.ch.Net.bind0(Native Method)
	at sun.nio.ch.Net.bind(Net.java:433)
	at sun.nio.ch.Net.bind(Net.java:425)
	at sun.nio.ch.ServerSocketChannelImpl.bind(ServerSocketChannelImpl.java:223)
	at sun.nio.ch.ServerSocketAdaptor.bind(ServerSocketAdaptor.java:74)
	at org.apache.tomcat.util.net.NioEndpoint.initServerSocket(NioEndpoint.java:227)
	at org.apache.tomcat.util.net.NioEndpoint.bind(NioEndpoint.java:202)
	at org.apache.tomcat.util.net.AbstractEndpoint.init(AbstractEndpoint.java:1043)
	at org.apache.coyote.AbstractProtocol.init(AbstractProtocol.java:540)
	at org.apache.coyote.http11.AbstractHttp11Protocol.init(AbstractHttp11Protocol.java:74)
	at org.apache.catalina.connector.Connector.initInternal(Connector.java:932)
	... 13 more

10-Mar-2019 11:24:48.951 信息 [main] org.apache.coyote.AbstractProtocol.init Initializing ProtocolHandler ["ajp-nio-8009"]
10-Mar-2019 11:24:48.952 严重 [main] org.apache.catalina.util.LifecycleBase.handleSubClassException Failed to initialize component [Connector[AJP/1.3-8009]]
 org.apache.catalina.LifecycleException: Protocol handler initialization failed
	at org.apache.catalina.connector.Connector.initInternal(Connector.java:935)
	at org.apache.catalina.util.LifecycleBase.init(LifecycleBase.java:136)
	at org.apache.catalina.core.StandardService.initInternal(StandardService.java:530)
	at org.apache.catalina.util.LifecycleBase.init(LifecycleBase.java:136)
	at org.apache.catalina.core.StandardServer.initInternal(StandardServer.java:852)
	at org.apache.catalina.util.LifecycleBase.init(LifecycleBase.java:136)
	at org.apache.catalina.startup.Catalina.load(Catalina.java:633)
	at org.apache.catalina.startup.Catalina.load(Catalina.java:656)
	at sun.reflect.NativeMethodAccessorImpl.invoke0(Native Method)
	at sun.reflect.NativeMethodAccessorImpl.invoke(NativeMethodAccessorImpl.java:62)
	at sun.reflect.DelegatingMethodAccessorImpl.invoke(DelegatingMethodAccessorImpl.java:43)
	at java.lang.reflect.Method.invoke(Method.java:498)
	at org.apache.catalina.startup.Bootstrap.load(Bootstrap.java:306)
	at org.apache.catalina.startup.Bootstrap.main(Bootstrap.java:491)
Caused by: java.net.BindException: Address already in use
	at sun.nio.ch.Net.bind0(Native Method)
	at sun.nio.ch.Net.bind(Net.java:433)
	at sun.nio.ch.Net.bind(Net.java:425)
	at sun.nio.ch.ServerSocketChannelImpl.bind(ServerSocketChannelImpl.java:223)
	at sun.nio.ch.ServerSocketAdaptor.bind(ServerSocketAdaptor.java:74)
	at org.apache.tomcat.util.net.NioEndpoint.initServerSocket(NioEndpoint.java:227)
	at org.apache.tomcat.util.net.NioEndpoint.bind(NioEndpoint.java:202)
	at org.apache.tomcat.util.net.AbstractEndpoint.init(AbstractEndpoint.java:1043)
	at org.apache.coyote.AbstractProtocol.init(AbstractProtocol.java:540)
	at org.apache.catalina.connector.Connector.initInternal(Connector.java:932)
	... 13 more

10-Mar-2019 11:24:48.952 信息 [main] org.apache.catalina.startup.Catalina.load Initialization processed in 559 ms
10-Mar-2019 11:24:48.981 信息 [main] org.apache.catalina.core.StandardService.startInternal Starting service [Catalina]
10-Mar-2019 11:24:48.981 信息 [main] org.apache.catalina.core.StandardEngine.startInternal Starting Servlet Engine: Apache Tomcat/9.0.7
10-Mar-2019 11:24:48.988 信息 [main] org.apache.catalina.startup.HostConfig.deployDirectory Deploying web application directory [/Users/luoshaohua/Downloads/apache-tomcat-9.0.7/webapps/docs]
10-Mar-2019 11:24:49.296 信息 [main] org.apache.catalina.startup.HostConfig.deployDirectory Deployment of web application directory [/Users/luoshaohua/Downloads/apache-tomcat-9.0.7/webapps/docs] has finished in [307] ms
10-Mar-2019 11:24:49.296 信息 [main] org.apache.catalina.startup.HostConfig.deployDirectory Deploying web application directory [/Users/luoshaohua/Downloads/apache-tomcat-9.0.7/webapps/manager]
10-Mar-2019 11:24:49.321 信息 [main] org.apache.catalina.startup.HostConfig.deployDirectory Deployment of web application directory [/Users/luoshaohua/Downloads/apache-tomcat-9.0.7/webapps/manager] has finished in [24] ms
10-Mar-2019 11:24:49.321 信息 [main] org.apache.catalina.startup.HostConfig.deployDirectory Deploying web application directory [/Users/luoshaohua/Downloads/apache-tomcat-9.0.7/webapps/examples]
10-Mar-2019 11:24:49.559 信息 [main] org.apache.catalina.startup.HostConfig.deployDirectory Deployment of web application directory [/Users/luoshaohua/Downloads/apache-tomcat-9.0.7/webapps/examples] has finished in [238] ms
10-Mar-2019 11:24:49.559 信息 [main] org.apache.catalina.startup.HostConfig.deployDirectory Deploying web application directory [/Users/luoshaohua/Downloads/apache-tomcat-9.0.7/webapps/ROOT]
10-Mar-2019 11:24:50.208 信息 [main] org.apache.jasper.servlet.TldScanner.scanJars At least one JAR was scanned for TLDs yet contained no TLDs. Enable debug logging for this logger for a complete list of JARs that were scanned but no TLDs were found in them. Skipping unneeded JARs during scanning can improve startup time and JSP compilation time.
10-Mar-2019 11:24:50.318 信息 [main] org.springframework.web.servlet.DispatcherServlet.initServletBean FrameworkServlet 'appService': initialization started
10-Mar-2019 11:24:50.337 信息 [main] org.springframework.web.context.support.XmlWebApplicationContext.prepareRefresh Refreshing WebApplicationContext for namespace 'appService-servlet': startup date [Sun Mar 10 11:24:50 CST 2019]; root of context hierarchy
10-Mar-2019 11:24:50.370 信息 [main] org.springframework.beans.factory.xml.XmlBeanDefinitionReader.loadBeanDefinitions Loading XML bean definitions from ServletContext resource [/WEB-INF/appServlet/servlet-context.xml]
10-Mar-2019 11:24:50.874 信息 [main] org.springframework.web.servlet.mvc.method.annotation.RequestMappingHandlerMapping.register Mapped "{[/]}" onto public java.lang.String spring.controller.HomeController.home(org.springframework.ui.Model)
10-Mar-2019 11:24:50.936 信息 [main] org.springframework.web.servlet.mvc.method.annotation.RequestMappingHandlerAdapter.initControllerAdviceCache Looking for @ControllerAdvice: WebApplicationContext for namespace 'appService-servlet': startup date [Sun Mar 10 11:24:50 CST 2019]; root of context hierarchy
10-Mar-2019 11:24:50.978 信息 [main] org.springframework.web.servlet.mvc.method.annotation.RequestMappingHandlerAdapter.initControllerAdviceCache Looking for @ControllerAdvice: WebApplicationContext for namespace 'appService-servlet': startup date [Sun Mar 10 11:24:50 CST 2019]; root of context hierarchy
10-Mar-2019 11:24:51.026 信息 [main] org.springframework.web.servlet.handler.SimpleUrlHandlerMapping.registerHandler Mapped URL path [/resources/**] onto handler 'org.springframework.web.servlet.resource.ResourceHttpRequestHandler#0'
10-Mar-2019 11:24:51.097 信息 [main] org.springframework.web.servlet.DispatcherServlet.initServletBean FrameworkServlet 'appService': initialization completed in 779 ms
10-Mar-2019 11:24:51.098 信息 [main] org.apache.catalina.startup.HostConfig.deployDirectory Deployment of web application directory [/Users/luoshaohua/Downloads/apache-tomcat-9.0.7/webapps/ROOT] has finished in [1,539] ms
10-Mar-2019 11:24:51.098 信息 [main] org.apache.catalina.startup.HostConfig.deployDirectory Deploying web application directory [/Users/luoshaohua/Downloads/apache-tomcat-9.0.7/webapps/host-manager]
10-Mar-2019 11:24:51.114 信息 [main] org.apache.catalina.startup.HostConfig.deployDirectory Deployment of web application directory [/Users/luoshaohua/Downloads/apache-tomcat-9.0.7/webapps/host-manager] has finished in [16] ms
10-Mar-2019 11:24:51.116 信息 [main] org.apache.catalina.startup.Catalina.start Server startup in 2163 ms
10-Mar-2019 11:24:51.120 严重 [main] org.apache.catalina.core.StandardServer.await StandardServer.await: create[localhost:8005]: 
 java.net.BindException: Address already in use (Bind failed)
	at java.net.PlainSocketImpl.socketBind(Native Method)
	at java.net.AbstractPlainSocketImpl.bind(AbstractPlainSocketImpl.java:387)
	at java.net.ServerSocket.bind(ServerSocket.java:375)
	at java.net.ServerSocket.<init>(ServerSocket.java:237)
	at org.apache.catalina.core.StandardServer.await(StandardServer.java:422)
	at org.apache.catalina.startup.Catalina.await(Catalina.java:770)
	at org.apache.catalina.startup.Catalina.start(Catalina.java:716)
	at sun.reflect.NativeMethodAccessorImpl.invoke0(Native Method)
	at sun.reflect.NativeMethodAccessorImpl.invoke(NativeMethodAccessorImpl.java:62)
	at sun.reflect.DelegatingMethodAccessorImpl.invoke(DelegatingMethodAccessorImpl.java:43)
	at java.lang.reflect.Method.invoke(Method.java:498)
	at org.apache.catalina.startup.Bootstrap.start(Bootstrap.java:350)
	at org.apache.catalina.startup.Bootstrap.main(Bootstrap.java:492)

10-Mar-2019 11:24:51.120 信息 [main] org.apache.coyote.AbstractProtocol.pause Pausing ProtocolHandler ["http-nio-8080"]
10-Mar-2019 11:24:51.121 信息 [main] org.apache.coyote.AbstractProtocol.pause Pausing ProtocolHandler ["ajp-nio-8009"]
10-Mar-2019 11:24:51.121 信息 [main] org.apache.catalina.core.StandardService.stopInternal Stopping service [Catalina]
10-Mar-2019 11:24:51.122 信息 [main] org.springframework.web.context.support.XmlWebApplicationContext.doClose Closing WebApplicationContext for namespace 'appService-servlet': startup date [Sun Mar 10 11:24:50 CST 2019]; root of context hierarchy
10-Mar-2019 11:24:51.138 信息 [main] org.apache.coyote.AbstractProtocol.stop Stopping ProtocolHandler ["http-nio-8080"]
10-Mar-2019 11:24:51.138 信息 [main] org.apache.coyote.AbstractProtocol.destroy Destroying ProtocolHandler ["http-nio-8080"]
10-Mar-2019 11:24:51.138 信息 [main] org.apache.coyote.AbstractProtocol.stop Stopping ProtocolHandler ["ajp-nio-8009"]
10-Mar-2019 11:24:51.138 信息 [main] org.apache.coyote.AbstractProtocol.destroy Destroying ProtocolHandler ["ajp-nio-8009"]
